<?xml version="1.0" encoding="UTF-8"?>
<testng-results ignored="0" total="1" passed="1" failed="0" skipped="0">
  <reporter-output>
  </reporter-output>
  <suite started-at="2020-02-27T10:04:46 IST" name="Suite" finished-at="2020-02-27T10:04:54 IST" duration-ms="8292">
    <groups>
    </groups>
    <test started-at="2020-02-27T10:04:46 IST" name="Test" finished-at="2020-02-27T10:04:54 IST" duration-ms="8292">
      <class name="GradleDemoProject.LibraryTest">
        <test-method signature="testSomeLibraryMethod()[pri:0, instance:GradleDemoProject.LibraryTest@35763feb]" started-at="2020-02-27T10:04:46 IST" name="testSomeLibraryMethod" finished-at="2020-02-27T10:04:54 IST" duration-ms="8235" status="PASS">
          <reporter-output>
          </reporter-output>
        </test-method> <!-- testSomeLibraryMethod -->
      </class> <!-- GradleDemoProject.LibraryTest -->
    </test> <!-- Test -->
  </suite> <!-- Suite -->
</testng-results>
