<?xml version="1.0" encoding="UTF-8"?>
<testng-results ignored="0" total="1" passed="1" failed="0" skipped="0">
  <reporter-output>
  </reporter-output>
  <suite started-at="2020-01-18T14:20:11 IST" name="Default suite" finished-at="2020-01-18T14:20:11 IST" duration-ms="70">
    <groups>
    </groups>
    <test started-at="2020-01-18T14:20:11 IST" name="Default test" finished-at="2020-01-18T14:20:11 IST" duration-ms="70">
      <class name="GradleDemoProject.LibraryTest">
        <test-method signature="testSomeLibraryMethod()[pri:0, instance:GradleDemoProject.LibraryTest@7ee955a8]" started-at="2020-01-18T14:20:11 IST" name="testSomeLibraryMethod" finished-at="2020-01-18T14:20:11 IST" duration-ms="10" status="PASS">
          <reporter-output>
          </reporter-output>
        </test-method> <!-- testSomeLibraryMethod -->
      </class> <!-- GradleDemoProject.LibraryTest -->
    </test> <!-- Default test -->
  </suite> <!-- Default suite -->
</testng-results>
